2025-04-04 11:13:32.308643 - Received CBT.V508.FILE529.PDS from FILE529.XMI 
2025-04-04 11:13:32.310410 - Found $$$#DATE.txt (text/plain) in CBT.V508.FILE529.PDS, moved to PDS/$$$#DATE
2025-04-04 11:13:32.310567 - Found $$$DOC.txt (text/plain) in CBT.V508.FILE529.PDS, moved to PDS/$$$DOC
2025-04-04 11:13:32.310718 - Found $$NOTE1.txt (text/plain) in CBT.V508.FILE529.PDS, moved to PDS/$$NOTE1
2025-04-04 11:13:32.310884 - Found @FILE529.txt (text/plain) in CBT.V508.FILE529.PDS, moved to PDS/@FILE529
2025-04-04 11:13:32.311024 - Found @UPDATES.txt (text/plain) in CBT.V508.FILE529.PDS, moved to PDS/@UPDATES
2025-04-04 11:13:32.311146 - Found AESDCRYP.txt (text/plain) in CBT.V508.FILE529.PDS, moved to PDS/AESDCRYP
2025-04-04 11:13:32.311332 - Found CATLIST.txt (text/plain) in CBT.V508.FILE529.PDS, moved to PDS/CATLIST
2025-04-04 11:13:32.311578 - Found CICSMTH.bin (application/octet-stream) in CBT.V508.FILE529.PDS, moved to PDS/CICSMTH
2025-04-04 11:13:32.311802 - Found CICSMTHJ.jcl (text/plain) in CBT.V508.FILE529.PDS, moved to PDS/CICSMTHJ
2025-04-04 11:13:32.312021 - Found CICSMTH5.bin (application/octet-stream) in CBT.V508.FILE529.PDS, moved to PDS/CICSMTH5
2025-04-04 11:13:32.312202 - Found CICSMTH6.bin (application/octet-stream) in CBT.V508.FILE529.PDS, moved to PDS/CICSMTH6
2025-04-04 11:13:32.312356 - Found CICSSMF.txt (text/plain) in CBT.V508.FILE529.PDS, moved to PDS/CICSSMF
2025-04-04 11:13:32.312491 - Found CICSSMFJ.jcl (text/plain) in CBT.V508.FILE529.PDS, moved to PDS/CICSSMFJ
2025-04-04 11:13:32.312649 - Found CICSSMF4.txt (text/plain) in CBT.V508.FILE529.PDS, moved to PDS/CICSSMF4
2025-04-04 11:13:32.312833 - Found CICSSMF5.txt (text/plain) in CBT.V508.FILE529.PDS, moved to PDS/CICSSMF5
2025-04-04 11:13:32.313007 - Found CICSYRLY.bin (application/octet-stream) in CBT.V508.FILE529.PDS, moved to PDS/CICSYRLY
2025-04-04 11:13:32.313131 - Found CISIZE.txt (text/plain) in CBT.V508.FILE529.PDS, moved to PDS/CISIZE
2025-04-04 11:13:32.313292 - Found DFHCFS6D.txt (text/plain) in CBT.V508.FILE529.PDS, moved to PDS/DFHCFS6D
2025-04-04 11:13:32.313433 - Found DFHCFS7D.txt (text/plain) in CBT.V508.FILE529.PDS, moved to PDS/DFHCFS7D
2025-04-04 11:13:32.313555 - Found DFHCFS8D.txt (text/plain) in CBT.V508.FILE529.PDS, moved to PDS/DFHCFS8D
2025-04-04 11:13:32.313690 - Found DFHCFS9D.txt (text/plain) in CBT.V508.FILE529.PDS, moved to PDS/DFHCFS9D
2025-04-04 11:13:32.313894 - Found DFHNCS4D.txt (text/plain) in CBT.V508.FILE529.PDS, moved to PDS/DFHNCS4D
2025-04-04 11:13:32.314063 - Found DFHNCS5D.txt (text/plain) in CBT.V508.FILE529.PDS, moved to PDS/DFHNCS5D
2025-04-04 11:13:32.314201 - Found DFHSMFDS.bin (application/octet-stream) in CBT.V508.FILE529.PDS, moved to PDS/DFHSMFDS
2025-04-04 11:13:32.314334 - Found DFHXQS1D.txt (text/plain) in CBT.V508.FILE529.PDS, moved to PDS/DFHXQS1D
2025-04-04 11:13:32.314455 - Found DFHXQS2D.txt (text/plain) in CBT.V508.FILE529.PDS, moved to PDS/DFHXQS2D
2025-04-04 11:13:32.314587 - Found DFHXQS3D.txt (text/plain) in CBT.V508.FILE529.PDS, moved to PDS/DFHXQS3D
2025-04-04 11:13:32.314745 - Found G207ASM.jcl (text/plain) in CBT.V508.FILE529.PDS, moved to PDS/G207ASM
2025-04-04 11:13:32.314899 - Found G207DCAN.txt (text/plain) in CBT.V508.FILE529.PDS, moved to PDS/G207DCAN
2025-04-04 11:13:32.315052 - Found G207DOCS.txt (text/plain) in CBT.V508.FILE529.PDS, moved to PDS/G207DOCS
2025-04-04 11:13:32.315179 - Found ICCFMEMB.txt (text/plain) in CBT.V508.FILE529.PDS, moved to PDS/ICCFMEMB
2025-04-04 11:13:32.315308 - Found SETDUMP.txt (text/plain) in CBT.V508.FILE529.PDS, moved to PDS/SETDUMP
2025-04-04 11:13:32.315421 - Found SMFLST04.txt (text/plain) in CBT.V508.FILE529.PDS, moved to PDS/SMFLST04
2025-04-04 11:13:32.315567 - Found SMFLST06.txt (text/plain) in CBT.V508.FILE529.PDS, moved to PDS/SMFLST06
2025-04-04 11:13:32.316188 - Found SMFLST14.txt (text/plain) in CBT.V508.FILE529.PDS, moved to PDS/SMFLST14
2025-04-04 11:13:32.316342 - Found SMFLST17.txt (text/plain) in CBT.V508.FILE529.PDS, moved to PDS/SMFLST17
2025-04-04 11:13:32.316713 - Found SMFLST18.txt (text/plain) in CBT.V508.FILE529.PDS, moved to PDS/SMFLST18
2025-04-04 11:13:32.316870 - Found SMFLST30.txt (text/plain) in CBT.V508.FILE529.PDS, moved to PDS/SMFLST30
2025-04-04 11:13:32.317010 - Found SMFLST6.txt (text/plain) in CBT.V508.FILE529.PDS, moved to PDS/SMFLST6
2025-04-04 11:13:32.317138 - Found SMFLST60.txt (text/plain) in CBT.V508.FILE529.PDS, moved to PDS/SMFLST60
2025-04-04 11:13:32.317259 - Found SMFLST61.txt (text/plain) in CBT.V508.FILE529.PDS, moved to PDS/SMFLST61
2025-04-04 11:13:32.317388 - Found SMFLST64.txt (text/plain) in CBT.V508.FILE529.PDS, moved to PDS/SMFLST64
2025-04-04 11:13:32.317505 - Found SMFLST65.txt (text/plain) in CBT.V508.FILE529.PDS, moved to PDS/SMFLST65
